ESTART: 0.00001 [0.00001] - Begin Startup
ESTART: 0.00003 [0.00003] - Signal Trap
ESTART: 0.00004 [0.00001] - Signal Trap Done
ESTART: 0.00004 [0.00000] - Eina Init
ESTART: 0.00027 [0.00023] - Eina Init Done
ESTART: 0.00027 [0.00000] - Determine Prefix
ESTART: 0.00035 [0.00008] - Determine Prefix Done
ESTART: 0.00039 [0.00003] - Environment Variables
ESTART: 0.00041 [0.00002] - Environment Variables Done
ESTART: 0.00041 [0.00000] - Parse Arguments
ESTART: 0.00041 [0.00001] - Parse Arguments Done
ESTART: 0.00042 [0.00000] - Eet Init
ESTART: 0.00043 [0.00002] - Eet Init Done
ESTART: 0.00044 [0.00001] - Ecore Init
ESTART: 0.00221 [0.00177] - Ecore Init Done
ESTART: 0.00223 [0.00002] - E Comp Canvas Intercept Init
ESTART: 0.00729 [0.00506] - E Comp Canvas Intercept Init Done
ESTART: 0.00730 [0.00001] - EFX Init
ESTART: 0.00732 [0.00002] - EFX Init Done
ESTART: 0.00732 [0.00001] - EIO Init
ESTART: 0.00811 [0.00078] - EIO Init Done
ESTART: 0.00812 [0.00001] - Ecore Event Handlers
ESTART: 0.00812 [0.00000] - Ecore Event Handlers Done
ESTART: 0.00812 [0.00000] - Ecore_File Init
ESTART: 0.00813 [0.00000] - Ecore_File Init Done
ESTART: 0.00813 [0.00000] - Ecore_Con Init
ESTART: 0.00813 [0.00000] - Ecore_Con Init Done
ESTART: 0.00813 [0.00000] - Ecore_Ipc Init
ESTART: 0.00816 [0.00003] - Ecore_Ipc Init Done
ESTART: 0.00817 [0.00001] - Ecore_Evas Init
ESTART: 0.00851 [0.00034] - Ecore_Evas Init Done
ESTART: 0.00852 [0.00001] - Elementary Init
ESTART: 0.02470 [0.01618] - Elementary Init Done
ESTART: 0.02471 [0.00002] - Emotion Init
ESTART: 0.02481 [0.00010] - Emotion Init Done
ESTART: 0.02482 [0.00001] - Ecore_Evas Engine Check
ESTART: 0.02482 [0.00000] - Ecore_Evas Engine Check Done
ESTART: 0.02483 [0.00000] - E Intl Init
ESTART: 0.02484 [0.00001] - E Intl Init Done
ESTART: 0.02484 [0.00000] - E_Alert Init
ESTART: 0.02485 [0.00000] - E_Alert Init Done
ESTART: 0.02485 [0.00000] - E Directories Init
ESTART: 0.02491 [0.00006] - E Directories Init Done
ESTART: 0.02491 [0.00001] - E_Filereg Init
ESTART: 0.02491 [0.00000] - E_Filereg Init Done
ESTART: 0.02492 [0.00000] - E_Config Init
ESTART: 0.02559 [0.00067] - E_Config Init Done
ESTART: 0.02561 [0.00001] - E_Env Init
ESTART: 0.02561 [0.00000] - E_Env Init Done
ESTART: 0.02561 [0.00001] - E Paths Init
ESTART: 0.02562 [0.00001] - E Paths Init Done
ESTART: 0.02563 [0.00000] - E_Precache
PRECACHE: SPAWN
ESTART: 0.02581 [0.00018] - E_Precache Done
ESTART: 0.02582 [0.00001] - E_Ipc Init
PRECACHE: BEGIN
ERR<1712>:ecore_con ../src/lib/ecore_con/efl_net_server_fd.c:385 _efl_net_server_fd_reuse_port_set() setsockopt(41, SOL_SOCKET, SO_REUSEPORT, 1): Operation not supported
## Copy & Paste the below (until EOF) into a terminal, then hit Enter

eina_btlog << EOF
/usr/lib/libeina.so.1 0x7e19a4513420 0x7e19a44e9000
/usr/lib/libeina.so.1 0x7e19a450a351 0x7e19a44e9000
/usr/lib/libeina.so.1 0x7e19a45174f5 0x7e19a44e9000
/usr/lib/libecore_con.so.1 0x7e19a43855ef 0x7e19a432b000
/usr/lib/libecore_con.so.1 0x7e19a437f22f 0x7e19a432b000
/usr/lib/libecore_con.so.1 0x7e19a438756b 0x7e19a432b000
/usr/lib/libecore.so.1 0x7e19a441ae2c 0x7e19a43f9000
/usr/lib/libecore_con.so.1 0x7e19a43a4e0c 0x7e19a432b000
/usr/lib/libecore_con.so.1 0x7e19a437dc60 0x7e19a432b000
/usr/lib/libecore_ipc.so.1 0x7e19a43e4a6b 0x7e19a43e0000
/usr/bin/enlightenment 0x5bc1f0d3f07d 0x5bc1f0c38000
/usr/bin/enlightenment 0x5bc1f0c720a4 0x5bc1f0c38000
/usr/lib/libc.so.6 0x7e19a36ca488 0x7e19a36a3000
/usr/lib/libc.so.6 0x7e19a36ca54c 0x7e19a36a3000
/usr/bin/enlightenment 0x5bc1f0c75c65 0x5bc1f0c38000
EOF

ESTART: 0.02623 [0.00041] - E_Ipc Init Done
ESTART: 0.02624 [0.00001] - E_State Init
ESTART: 0.02624 [0.00000] - E_State Init Done
ESTART: 0.02624 [0.00000] - E_Font Init
ESTART: 0.02625 [0.00000] - E_Font Init Done
ESTART: 0.02625 [0.00000] - E_Font Apply
ESTART: 0.02625 [0.00001] - E_Font Apply Done
ESTART: 0.02626 [0.00000] - E_Theme Init
ESTART: 0.02626 [0.00001] - E_Theme Init Done
ESTART: 0.02627 [0.00000] - E_Moveresize Init
ESTART: 0.02627 [0.00001] - E_Moveresize Init Done
ESTART: 0.02627 [0.00000] - E_Msgbus Init
ESTART: 0.02667 [0.00040] - E_Msgbus Init Done
ESTART: 0.02669 [0.00002] - Efreet Init
ESTART: 0.02670 [0.00001] - Efreet Init Done
ESTART: 0.02671 [0.00000] - E_Intl Post Init
PRECACHE: [0.00510] [/usr/share/elementary/themes/default.edj] DONE
ESTART: 0,03250 [0,00580] - E_Intl Post Init Done
ESTART: 0,03252 [0,00002] - E_Configure Init
ESTART: 0,03265 [0,00013] - E_Configure Init Done
ESTART: 0,03266 [0,00001] - E_Actions Init
ESTART: 0,03326 [0,00059] - E_Actions Init Done
ESTART: 0,03329 [0,00004] - E_System Init
PRECACHE: [0,00322] [/home/live/.elementary/themes/openSUSE-Oliveleaf.edj] DONE
PRECACHE: [0,00033] [/home/live/.e/e/backgrounds/abstract-art3.edj] DONE
PRECACHE: TOTAL [0,00874]
PRECACHE: SUM=3a1f83d4, READS=7249
ESTART: 0,03516 [0,00187] - E_System Init Done
ESTART: 0,03518 [0,00002] - E_Powersave Init
ESTART: 0,03519 [0,00001] - E_Powersave Init Done
ESTART: 0,03519 [0,00000] - E_Sound Init
ESTART: 0,03520 [0,00001] - Screens Init
ESTART: 0,03520 [0,00000] -   screens: client
ESTART: 0,03521 [0,00001] - E_Screensaver Init
ESTART: 0,03521 [0,00001] -   screens: client volume
ESTART: 0,03521 [0,00000] -   screens: win
ESTART: 0,03523 [0,00002] - Compositor Init
RRR: ................. info get!
RRR: NEW SCREEN ...
RRR: .... out Virtual-1
RRR: ...... lid_closed = 0 (0 && 0)
RRR: ...... connected 1
RRR: ...... modes 0x5bc21f11aae0
RRR: 'Virtual-1' 0 0 1280x800
RRR:-------------------------------- 2
RRR: 'Virtual-1': 0 0 1280x800
RRR: result max: 1280x800
RRR: loaded existing config
RRR: check lid for Virtual-1...
RRR: re-get info before applying..
RRR: ................. info get!
RRR: NEW SCREEN ...
RRR: .... out Virtual-1
RRR: ...... lid_closed = 0 (0 && 0)
RRR: ...... connected 1
RRR: ...... modes 0x5bc21f11a370
RRR: 'Virtual-1' 0 0 1280x800
RRR:-------------------------------- 2
RRR: 'Virtual-1': 0 0 1280x800
RRR: result max: 1280x800
RRR: apply config...
RRR: apply 'Virtual-1'...
RRR: check lid for Virtual-1...
RRR: connected =  1
RRR: ... enabled
RRR: ... priority = 100
RRR: really apply rotation=0
RRR: really apply 'Virtual-1' ignore discon 0
RRR: takeover config...
RRR: eval config...
RRR:--------------------------------1
RRR: screen config eval this...
RRR: screen do 'Virtual-1'
RRR: 'Virtual-1' cloneset 0x5bc21f11bea0 1
RRR: find base/root for list=0x5bc21f11bea0 count=1
RRR: clone=0x5bc21f114ad0 mode=1
RRR: _screen_config_do 2
RRR: _screen_config_do 3
RRR: screen config do 1280x800 rotation=0
RRR: _screen_config_do 4
RRR: _screen_config_do 6
RRR:--------------------------------2
RRR: s: 'Virtual-1' @ 0 0 - 1280x800
RRR:--- 0 0 -> 1280 800
RRR: really apply config...
RRR: cur size: 1280x800
RRR: size range: 320x200 -> 8192x8192
RRR: cur size: 1280x800
RRR: set vsize: 1280x800
RRR: crtcs=0x5bc21f11a610 outputs=0x5bc21f111c90
RRR: find output for 'Virtual-1'
RRR:   enabled: 1
RRR:     crtc slot empty: 0
RRR:       assign slot out: 3f
RRR: modes for 'Virtual-1' are 0x5bc21f11a370 [21]
RRR: crtc on: 0 = 'Virtual-1'     @ 0 0    - 1280x800 orient 1 mode 41 out 3f
RRR: set vsize2: 1280x800
RRR: cur size: 1280x800
RRR: done config...
xinerama screen 0 0 1280x800
xinerama setup............... 1 (nil)
DEV: CHANGES ... have 8 devices, changed=1
BL: backlight devices...
BL: led devices...
BL: found [/sys/devices/platform/i8042/serio0/input/input1/input1::capslock]
BL: found [/sys/devices/platform/i8042/serio0/input/input1/input1::numlock]
BL: found [/sys/devices/platform/i8042/serio0/input/input1/input1::scrolllock]
XKB: e_xkb_init
XKB: _e_xkb_type_reconfig
XKB: _e_x_xkb_reconfig
ESTART: 0,07583 [0,04060] - Compositor Init Done
ESTART: 0,07584 [0,00002] - Desk Restore
ESTART: 0,07605 [0,00020] - Desk Restore Done
ESTART: 0,07606 [0,00001] - E_Dnd Init
ESTART: 0,07613 [0,00007] - E_Dnd Init Done
ESTART: 0,07615 [0,00002] - Screens Init Done
ESTART: 0,07615 [0,00001] - E_Pointer Init
ESTART: 0,07616 [0,00001] - E_Pointer Init Done
ESTART: 0,07617 [0,00001] - E_Scale Init
ESTART: 0,09884 [0,02267] - E_Scale Init Done
ESTART: 0,09885 [0,00001] - E_Splash Init
ESTART: 0,09886 [0,00001] - E_Splash Init Done
ESTART: 0,09886 [0,00000] - E_Splash Show
ESTART: 0,10850 [0,00964] - E_Splash Show Done
ESTART: 0,10852 [0,00002] - Add Icon Extensions
ESTART: 0,10855 [0,00003] - Add Icon Extensions Done
ESTART: 0,10855 [0,00000] - E_Acpi Init
ESTART: 0,10856 [0,00001] - E_Acpi Init Done
ESTART: 0,10856 [0,00000] - E_Auth Init
ESTART: 0,10857 [0,00001] - E_Auth Init Done
ESTART: 0,10857 [0,00000] - E_Backlight Init
ESTART: 0,10885 [0,00028] - E_Backlight Init Done
ESTART: 0,10886 [0,00001] - E_Dpms Init
ESTART: 0,10893 [0,00007] - E_Dpms Init Done
ESTART: 0,10893 [0,00001] - E_Desklock Init
ESTART: 0,10894 [0,00000] - E_Desklock Init Done
ESTART: 0,10894 [0,00000] - Efreet Paths
ESTART: 0,10895 [0,00001] - Efreet Paths Done
ESTART: 0,10895 [0,00000] - E_Sys Init
ESTART: 0,10917 [0,00021] - E_Sys Init Done
ESTART: 0,10918 [0,00001] - E_Exec Init
ESTART: 0,10918 [0,00001] - E_Exec Init Done
ESTART: 0,10918 [0,00000] - E_Comp Freeze
ESTART: 0,10919 [0,00000] - E_Comp Freeze Done
ESTART: 0,10919 [0,00000] - E_Fm2 Init
ESTART: 0,10930 [0,00010] - E_Fm2 Init Done
ESTART: 0,10931 [0,00001] - E_Msg Init
ESTART: 0,10931 [0,00000] - E_Msg Init Done
ESTART: 0,10932 [0,00000] - E_Grabinput Init
ESTART: 0,10934 [0,00002] - E_Grabinput Init Done
ESTART: 0,10934 [0,00000] - E_Module Init
ESTART: 0,10934 [0,00000] - E_Module Init Done
ESTART: 0,10935 [0,00000] - E_Remember Init
CF: fallback to system config config file for [e_remember_restart]
CF: system config load for /usr/share/enlightenment/data/config/standard/e_remember_restart.cfg failed
ESTART: 0,10942 [0,00007] - E_Remember Init Done
ESTART: 0,10942 [0,00000] - E_Gadcon Init
ESTART: 0,10943 [0,00001] - E_Gadcon Init Done
ESTART: 0,10943 [0,00000] - E_Toolbar Init
ESTART: 0,10944 [0,00001] - E_Toolbar Init Done
ESTART: 0,10944 [0,00000] - E_Bg Init
ESTART: 0,10946 [0,00002] - E_Bg Init Done
ESTART: 0,10946 [0,00000] - E_Mouse Init
DEV: CHANGES ... have 8 devices, changed=1
ESTART: 0,11086 [0,00140] - E_Mouse Init Done
ESTART: 0,11087 [0,00001] - E_Bindings Init
ESTART: 0,11094 [0,00007] - E_Bindings Init Done
ESTART: 0,11095 [0,00001] - E_Thumb Init
ESTART: 0,11095 [0,00000] - E_Thumb Init Done
ESTART: 0,11095 [0,00000] - E_Icon Init
ESTART: 0,11096 [0,00000] - E_Icon Init Done
ESTART: 0,11096 [0,00000] - E_Update Init
ESTART: 0,11099 [0,00003] - E_Update Init Done
ESTART: 0,11100 [0,00001] - E_Deskenv Init
ESTART: 0,11101 [0,00001] - E_Deskenv Init Done
ESTART: 0,11101 [0,00000] - E_Order Init
ESTART: 0,11102 [0,00001] - E_Order Init Done
ESTART: 0,11103 [0,00000] - E_Comp_Canvas Keys Grab
ESTART: 0,11119 [0,00016] - E_Comp_Canvas Keys Grab Done
ESTART: 0,11120 [0,00001] - Run Startup Apps
ESTART: 0,11121 [0,00001] - Run Startup Apps Done
ESTART: 0,11121 [0,00000] - E_Comp Thaw
ESTART: 0,11123 [0,00001] - E_Comp Thaw Done
ESTART: 0,11123 [0,00000] - E_Test Init
ESTART: 0,11123 [0,00000] - E_Test Done
ESTART: 0,11123 [0,00000] - Load Modules
PWSV: low=100
PULSE CONN...
ESTART: 0,16045 [0,04921] - Load Modules Done
ESTART: 0,16048 [0,00003] - E_Shelf Init
ESTART: 0,16161 [0,00113] - start
ESTART: 0,16265 [0,00103] - start Done
ESTART: 0,16267 [0,00002] - pager
ESTART: 0,16864 [0,00598] - pager Done
ESTART: 0,16866 [0,00002] - ibar
ESTART: 0,17184 [0,00318] - ibar Done
ESTART: 0,17186 [0,00002] - systray
ESTART: 0,17234 [0,00049] - systray Done
ESTART: 0,17236 [0,00001] - backlight
ESTART: 0,17282 [0,00046] - backlight Done
ESTART: 0,17283 [0,00001] - temperature
ESTART: 0,17358 [0,00074] - temperature Done
ESTART: 0,17359 [0,00002] - cpufreq
ESTART: 0,17427 [0,00067] - cpufreq Done
ESTART: 0,17428 [0,00001] - battery
ERR<1712>:edje ../src/lib/edje/edje_util.c:4013 _efl_canvas_layout_efl_layout_calc_calc_size_min() file /home/live/.elementary/themes/openSUSE-Oliveleaf.edj, group e/modules/battery/main has a non-fixed part 'top'. Adding 'fixed: 1 1;' to source EDC may help. Continuing discarding faulty part.
## Copy & Paste the below (until EOF) into a terminal, then hit Enter

eina_btlog << EOF
/usr/lib/libeina.so.1 0x7e19a4513420 0x7e19a44e9000
/usr/lib/libeina.so.1 0x7e19a450a351 0x7e19a44e9000
/usr/lib/libeina.so.1 0x7e19a45174f5 0x7e19a44e9000
/usr/lib/libedje.so.1 0x7e19a3f53529 0x7e19a3ea6000
/usr/lib/libedje.so.1 0x7e19a3f48960 0x7e19a3ea6000
/usr/lib/libedje.so.1 0x7e19a3f6123f 0x7e19a3ea6000
/usr/lib/enlightenment/modules/battery/linux-gnu-x86_64-0.27.0/module.so 0x7e19a04c9529 0x7e19a04c6000
/usr/bin/enlightenment 0x5bc1f0dda1cb 0x5bc1f0c38000
/usr/bin/enlightenment 0x5bc1f0d11fcb 0x5bc1f0c38000
/usr/bin/enlightenment 0x5bc1f0d6d4d9 0x5bc1f0c38000
/usr/bin/enlightenment 0x5bc1f0d6d5c4 0x5bc1f0c38000
/usr/bin/enlightenment 0x5bc1f0c74d68 0x5bc1f0c38000
/usr/lib/libc.so.6 0x7e19a36ca488 0x7e19a36a3000
/usr/lib/libc.so.6 0x7e19a36ca54c 0x7e19a36a3000
/usr/bin/enlightenment 0x5bc1f0c75c65 0x5bc1f0c38000
EOF

ESTART: 0,17883 [0,00455] - battery Done
ESTART: 0,17884 [0,00001] - clock
ESTART: 0,18438 [0,00554] - clock Done
ESTART: 0,18440 [0,00002] - mixer
ESTART: 0,18542 [0,00101] - mixer Done
ESTART: 0,18543 [0,00001] - connman
ESTART: 0,18642 [0,00099] - connman Done
ESTART: 0,18643 [0,00001] - bluez5
ESTART: 0,18692 [0,00048] - bluez5 Done
ESTART: 0,18693 [0,00002] - tasks
ESTART: 0,18748 [0,00054] - tasks Done
ESTART: 0,18749 [0,00002] - xkbswitch
XKB: e_xkb_layout_get
ESTART: 0,18809 [0,00060] - xkbswitch Done
ESTART: 0,18810 [0,00001] - syscon
ESTART: 0,18858 [0,00047] - syscon Done
ESTART: 0,19373 [0,00516] - E_Shelf Init Done
ESTART: 0,19386 [0,00012] - MAIN LOOP AT LAST
ESTART: 0,19752 [0,00366] - SLEEP
COMPX: _e_comp_x_mapping_change
COMPX: _e_comp_x_mapping_change
SSS: session path [/org/freedesktop/login1/session/_33]
ERR<1769>:ecore_con ../src/lib/ecore_con/efl_net_server_fd.c:385 _efl_net_server_fd_reuse_port_set() setsockopt(23, SOL_SOCKET, SO_REUSEPORT, 1): Operation not supported
## Copy & Paste the below (until EOF) into a terminal, then hit Enter

eina_btlog << EOF
/usr/lib/libeina.so.1 0x7145e399c420 0x7145e3972000
/usr/lib/libeina.so.1 0x7145e3993351 0x7145e3972000
/usr/lib/libeina.so.1 0x7145e39a04f5 0x7145e3972000
/usr/lib/libecore_con.so.1 0x7145e36315ef 0x7145e35d7000
/usr/lib/libecore_con.so.1 0x7145e362b22f 0x7145e35d7000
/usr/lib/libecore_con.so.1 0x7145e363356b 0x7145e35d7000
/usr/lib/libecore.so.1 0x7145e390ce2c 0x7145e38eb000
/usr/lib/libecore_con.so.1 0x7145e3650e0c 0x7145e35d7000
/usr/lib/libecore_con.so.1 0x7145e3629c60 0x7145e35d7000
/usr/lib/libecore_ipc.so.1 0x7145e38e3a6b 0x7145e38df000
/usr/bin/efreetd 0x63362e0c4263 0x63362e0c1000
/usr/lib/libc.so.6 0x7145e36b3488 0x7145e368c000
/usr/lib/libc.so.6 0x7145e36b354c 0x7145e368c000
/usr/bin/efreetd 0x63362e0c43a5 0x63362e0c1000
EOF

XKB: _e_x_xkb_update
XKB: EV: _xkb_new_keyboard
XKB: _e_xkb_type_reconfig
XKB: _e_x_xkb_reconfig
XKB: _e_x_xkb_update
E: efreet didn't notify about cache update
DEV: CHANGES ... have 8 devices, changed=0
DEV: CHANGES ... have 8 devices, changed=0
DEV: CHANGES ... have 8 devices, changed=0
DEV: CHANGES ... have 8 devices, changed=0
PKGKIT: Another transaction in progress...
